<?xml version="1.0" encoding="UTF-8"?>
<testng-results ignored="0" total="1" passed="1" failed="0" skipped="0">
  <reporter-output>
    <line>
      <![CDATA[Browser launched successfully]]>
    </line>
    <line>
      <![CDATA[Application launched successfully]]>
    </line>
    <line>
      <![CDATA[Browser closed successfully]]>
    </line>
  </reporter-output>
  <suite started-at="2022-11-02T12:28:38 IST" name="AutomationSuite" finished-at="2022-11-02T12:28:38 IST" duration-ms="72">
    <groups>
    </groups>
    <test started-at="2022-11-02T12:28:38 IST" name="SanityTest" finished-at="2022-11-02T12:28:38 IST" duration-ms="72">
      <class name="nextgen.registerdemo.RegisterFormSubmission">
        <test-method is-config="true" signature="launchTheBrowser()[pri:0, instance:nextgen.registerdemo.RegisterFormSubmission@35ef1869]" started-at="2022-11-02T12:28:38 IST" name="launchTheBrowser" finished-at="2022-11-02T12:28:38 IST" duration-ms="10" status="PASS">
          <reporter-output>
            <line>
              <![CDATA[Browser launched successfully]]>
            </line>
          </reporter-output>
        </test-method> <!-- launchTheBrowser -->
        <test-method signature="launchapplication()[pri:0, instance:nextgen.registerdemo.RegisterFormSubmission@35ef1869]" started-at="2022-11-02T12:28:38 IST" name="launchapplication" finished-at="2022-11-02T12:28:38 IST" duration-ms="8" status="PASS">
          <reporter-output>
            <line>
              <![CDATA[Application launched successfully]]>
            </line>
          </reporter-output>
        </test-method> <!-- launchapplication -->
        <test-method is-config="true" signature="closeBrowser()[pri:0, instance:nextgen.registerdemo.RegisterFormSubmission@35ef1869]" started-at="2022-11-02T12:28:38 IST" name="closeBrowser" finished-at="2022-11-02T12:28:38 IST" duration-ms="1" status="PASS">
          <reporter-output>
            <line>
              <![CDATA[Browser closed successfully]]>
            </line>
          </reporter-output>
        </test-method> <!-- closeBrowser -->
      </class> <!-- nextgen.registerdemo.RegisterFormSubmission -->
    </test> <!-- SanityTest -->
  </suite> <!-- AutomationSuite -->
</testng-results>
